Using pre-set license
Built from '2021.2/staging' branch; Version is '2021.2.11f1 (e50cafbb4399) revision 15010991'; Using compiler version '192829333'; Build Type 'Release'
OS: 'Windows 10  (10.0.19045) 64bit Core' Language: 'en' Physical Memory: 16273 MB
BatchMode: 1, IsHumanControllingUs: 0, StartBugReporterOnCrash: 0, Is64bit: 1, IsPro: 0

COMMAND LINE ARGUMENTS:
C:\Program Files\Unity\Hub\Editor\2021.2.11f1\Editor\Unity.exe
-adb2
-batchMode
-noUpm
-name
AssetImportWorker0
-projectPath
D:/NICO with ba/NICO/NICO_unity
-logFile
Logs/AssetImportWorker0.log
-srvPort
50883
Successfully changed project path to: D:/NICO with ba/NICO/NICO_unity
D:/NICO with ba/NICO/NICO_unity
[UnityMemory] Configuration Parameters - Can be set up in boot.config
    "memorysetup-bucket-allocator-granularity=16"
    "memorysetup-bucket-allocator-bucket-count=8"
    "memorysetup-bucket-allocator-block-size=33554432"
    "memorysetup-bucket-allocator-block-count=8"
    "memorysetup-main-allocator-block-size=16777216"
    "memorysetup-thread-allocator-block-size=16777216"
    "memorysetup-gfx-main-allocator-block-size=16777216"
    "memorysetup-gfx-thread-allocator-block-size=16777216"
    "memorysetup-cache-allocator-block-size=4194304"
    "memorysetup-typetree-allocator-block-size=2097152"
    "memorysetup-profiler-bucket-allocator-granularity=16"
    "memorysetup-profiler-bucket-allocator-bucket-count=8"
    "memorysetup-profiler-bucket-allocator-block-size=33554432"
    "memorysetup-profiler-bucket-allocator-block-count=8"
    "memorysetup-profiler-allocator-block-size=16777216"
    "memorysetup-profiler-editor-allocator-block-size=1048576"
    "memorysetup-temp-allocator-size-main=16777216"
    "memorysetup-job-temp-allocator-block-size=2097152"
    "memorysetup-job-temp-allocator-block-size-background=1048576"
    "memorysetup-job-temp-allocator-reduction-small-platforms=262144"
    "memorysetup-temp-allocator-size-background-worker=32768"
    "memorysetup-temp-allocator-size-job-worker=262144"
    "memorysetup-temp-allocator-size-preload-manager=33554432"
    "memorysetup-temp-allocator-size-nav-mesh-worker=65536"
    "memorysetup-temp-allocator-size-audio-worker=65536"
    "memorysetup-temp-allocator-size-cloud-worker=32768"
    "memorysetup-temp-allocator-size-gi-baking-worker=262144"
    "memorysetup-temp-allocator-size-gfx=262144"
Refreshing native plugins compatible for Editor in 38.61 ms, found 2 plugins.
Preloading 0 native plugins for Editor in 0.00 ms.
Initialize engine version: 2021.2.11f1 (e50cafbb4399)
[Subsystems] Discovering subsystems at path C:/Program Files/Unity/Hub/Editor/2021.2.11f1/Editor/Data/Resources/UnitySubsystems
[Subsystems] Discovering subsystems at path D:/NICO with ba/NICO/NICO_unity/Assets
GfxDevice: creating device client; threaded=0; jobified=0
Direct3D:
    Version:  Direct3D 11.0 [level 11.0]
    Renderer: NVIDIA GeForce GTX 960M (ID=0x139b)
    Vendor:   NVIDIA
    VRAM:     4053 MB
    Driver:   30.0.14.7247
Initialize mono
Mono path[0] = 'C:/Program Files/Unity/Hub/Editor/2021.2.11f1/Editor/Data/Managed'
Mono path[1] = 'C:/Program Files/Unity/Hub/Editor/2021.2.11f1/Editor/Data/MonoBleedingEdge/lib/mono/unityjit-win32'
Mono config path = 'C:/Program Files/Unity/Hub/Editor/2021.2.11f1/Editor/Data/MonoBleedingEdge/etc'
Using monoOptions --debugger-agent=transport=dt_socket,embedding=1,server=y,suspend=n,address=127.0.0.1:56952
Begin MonoManager ReloadAssembly
Registering precompiled unity dll's ...
Register platform support module: C:/Program Files/Unity/Hub/Editor/2021.2.11f1/Editor/Data/PlaybackEngines/WindowsStandaloneSupport/UnityEditor.WindowsStandalone.Extensions.dll
Registered in 0.009975 seconds.
Native extension for WindowsStandalone target not found
Refreshing native plugins compatible for Editor in 34.25 ms, found 2 plugins.
Preloading 0 native plugins for Editor in 0.00 ms.
Mono: successfully reloaded assembly
- Completed reload, in  0.853 seconds
Domain Reload Profiling:
	ReloadAssembly (854ms)
		BeginReloadAssembly (119ms)
			ExecutionOrderSort (0ms)
			DisableScriptedObjects (0ms)
			BackupInstance (0ms)
			ReleaseScriptingObjects (0ms)
			CreateAndSetChildDomain (1ms)
		EndReloadAssembly (604ms)
			LoadAssemblies (115ms)
			RebuildTransferFunctionScriptingTraits (0ms)
			SetupTypeCache (160ms)
			ReleaseScriptCaches (0ms)
			RebuildScriptCaches (38ms)
			SetupLoadedEditorAssemblies (326ms)
				LogAssemblyErrors (0ms)
				InitializePlatformSupportModulesInManaged (22ms)
				SetLoadedEditorAssemblies (0ms)
				RefreshPlugins (34ms)
				BeforeProcessingInitializeOnLoad (3ms)
				ProcessInitializeOnLoadAttributes (198ms)
				ProcessInitializeOnLoadMethodAttributes (68ms)
				AfterProcessingInitializeOnLoad (0ms)
				EditorAssembliesLoaded (0ms)
			ExecutionOrderSort2 (0ms)
			AwakeInstancesAfterBackupRestoration (0ms)
Platform modules already initialized, skipping
Registering precompiled user dll's ...
Registered in 0.003770 seconds.
Begin MonoManager ReloadAssembly
Native extension for WindowsStandalone target not found
Refreshing native plugins compatible for Editor in 0.52 ms, found 2 plugins.
Preloading 0 native plugins for Editor in 0.00 ms.
Mono: successfully reloaded assembly
- Completed reload, in  1.260 seconds
Domain Reload Profiling:
	ReloadAssembly (1261ms)
		BeginReloadAssembly (186ms)
			ExecutionOrderSort (0ms)
			DisableScriptedObjects (13ms)
			BackupInstance (0ms)
			ReleaseScriptingObjects (0ms)
			CreateAndSetChildDomain (33ms)
		EndReloadAssembly (923ms)
			LoadAssemblies (108ms)
			RebuildTransferFunctionScriptingTraits (0ms)
			SetupTypeCache (284ms)
			ReleaseScriptCaches (1ms)
			RebuildScriptCaches (68ms)
			SetupLoadedEditorAssemblies (422ms)
				LogAssemblyErrors (0ms)
				InitializePlatformSupportModulesInManaged (17ms)
				SetLoadedEditorAssemblies (1ms)
				RefreshPlugins (1ms)
				BeforeProcessingInitializeOnLoad (69ms)
				ProcessInitializeOnLoadAttributes (287ms)
				ProcessInitializeOnLoadMethodAttributes (36ms)
				AfterProcessingInitializeOnLoad (11ms)
				EditorAssembliesLoaded (0ms)
			ExecutionOrderSort2 (0ms)
			AwakeInstancesAfterBackupRestoration (10ms)
Platform modules already initialized, skipping
========================================================================
Worker process is ready to serve import requests
Launched and connected shader compiler UnityShaderCompiler.exe after 0.08 seconds
Refreshing native plugins compatible for Editor in 0.35 ms, found 2 plugins.
Preloading 0 native plugins for Editor in 0.00 ms.
Unloading 1541 Unused Serialized files (Serialized files now loaded: 0)
Unloading 19 unused Assets / (47.6 KB). Loaded Objects now: 2005.
Memory consumption went from 70.8 MB to 70.8 MB.
Total: 3.339100 ms (FindLiveObjects: 0.153100 ms CreateObjectMapping: 0.067600 ms MarkObjects: 2.996500 ms  DeleteObjects: 0.104000 ms)

AssetImportParameters requested are different than current active one (requested -> active):
  custom:video-decoder-ogg-theora: a1e56fd34408186e4bbccfd4996cb3dc -> 
  custom:container-muxer-webm: aa71ff27fc2769a1b78a27578f13a17b -> 
  custom:container-demuxer-webm: 4f35f7cbe854078d1ac9338744f61a02 -> 
  custom:video-encoder-webm-vp8: eb34c28f22e8b96e1ab97ce403110664 -> 
  custom:audio-encoder-webm-vorbis: bf7c407c2cedff20999df2af8eb42d56 -> 
  custom:framework-win-MediaFoundation: 216162199b28c13a410421893ffa2e32 -> 
  custom:container-demuxer-ogg: 62fdf1f143b41e24485cea50d1cbac27 -> 
  custom:video-decoder-webm-vp8: 9c59270c3fd7afecdb556c50c9e8de78 -> 
  custom:audio-decoder-ogg-vorbis: bf7c407c2cedff20999df2af8eb42d56 -> 
========================================================================
Received Import Request.
  Time since last request: 421758.792965 seconds.
  path: Assets/LirkisLab.prefab
  artifactKey: Guid(0867651fa89b726478e43363041b36a1) Importer(815301076,1909f56bfc062723c751e8b465ee728b)
Start importing Assets/LirkisLab.prefab using Guid(0867651fa89b726478e43363041b36a1) Importer(815301076,1909f56bfc062723c751e8b465ee728b)  -> (artifact id: '03838da22665246a16e56178c7dda802') in 0.278942 seconds 
========================================================================
Received Import Request.
  Time since last request: 1602.745967 seconds.
  path: Assets/objects/ToyRoom/room.fbx
  artifactKey: Guid(3077d4a297151454ea7bdad797faecbf) Importer(815301076,1909f56bfc062723c751e8b465ee728b)
Start importing Assets/objects/ToyRoom/room.fbx using Guid(3077d4a297151454ea7bdad797faecbf) Importer(815301076,1909f56bfc062723c751e8b465ee728b)  -> (artifact id: 'b7e95c00e80e72d259a5fe294d407e8f') in 1.447649 seconds 
========================================================================
Received Import Request.
  Time since last request: 118.698703 seconds.
  path: Assets/objects/Nico model
  artifactKey: Guid(a0f0ddb238d43db40aaf0154bc113d57) Importer(815301076,1909f56bfc062723c751e8b465ee728b)
Start importing Assets/objects/Nico model using Guid(a0f0ddb238d43db40aaf0154bc113d57) Importer(815301076,1909f56bfc062723c751e8b465ee728b)  -> (artifact id: '6bb4202c96632c3920b0c6b281ca509b') in 0.011897 seconds 
========================================================================
Received Import Request.
  Time since last request: 12.726851 seconds.
  path: Assets/objects/Nico model/V1 - forward kinematics
  artifactKey: Guid(045da997c570cf444a0f4bfa546d0da6) Importer(815301076,1909f56bfc062723c751e8b465ee728b)
Start importing Assets/objects/Nico model/V1 - forward kinematics using Guid(045da997c570cf444a0f4bfa546d0da6) Importer(815301076,1909f56bfc062723c751e8b465ee728b)  -> (artifact id: 'ab23edad62c3354cc8e6783297ac41bb') in 0.012956 seconds 
========================================================================
Received Import Request.
  Time since last request: 28.940019 seconds.
  path: Assets/objects/Nico model/V2 - correct hand
  artifactKey: Guid(b7688ab105f473e4596d4535fbc42e15) Importer(815301076,1909f56bfc062723c751e8b465ee728b)
Start importing Assets/objects/Nico model/V2 - correct hand using Guid(b7688ab105f473e4596d4535fbc42e15) Importer(815301076,1909f56bfc062723c751e8b465ee728b)  -> (artifact id: 'dbc341df5015671c7f67c1f83ebf86d6') in 0.011613 seconds 
========================================================================
Received Import Request.
  Time since last request: 8.143753 seconds.
  path: Assets/objects/Nico model/V2 - correct hand/nico-copelia - correct hand.fbx
  artifactKey: Guid(a0ba9836ce48e0b4d80b939443e604f3) Importer(815301076,1909f56bfc062723c751e8b465ee728b)
Start importing Assets/objects/Nico model/V2 - correct hand/nico-copelia - correct hand.fbx using Guid(a0ba9836ce48e0b4d80b939443e604f3) Importer(815301076,1909f56bfc062723c751e8b465ee728b)  -> (artifact id: '83be49a8792b0da3de9db987a801f4ec') in 0.684132 seconds 
========================================================================
Received Import Request.
  Time since last request: 68.185621 seconds.
  path: Assets/objects/Nico model/V2 - correct hand/nico-copelia - correct hand.fbx
  artifactKey: Guid(a0ba9836ce48e0b4d80b939443e604f3) Importer(815301076,1909f56bfc062723c751e8b465ee728b)
Start importing Assets/objects/Nico model/V2 - correct hand/nico-copelia - correct hand.fbx using Guid(a0ba9836ce48e0b4d80b939443e604f3) Importer(815301076,1909f56bfc062723c751e8b465ee728b)  -> (artifact id: 'a3e81e8e0ad1230fb0e2128b582e51e6') in 0.735849 seconds 
========================================================================
Received Import Request.
  Time since last request: 223.273551 seconds.
  path: Assets/objects/ToyRoom/Standing lamp
  artifactKey: Guid(e7e718bd9ecd84f4ca01986b415fd343) Importer(815301076,1909f56bfc062723c751e8b465ee728b)
Start importing Assets/objects/ToyRoom/Standing lamp using Guid(e7e718bd9ecd84f4ca01986b415fd343) Importer(815301076,1909f56bfc062723c751e8b465ee728b)  -> (artifact id: '14dc36f26f6a48ccd5f28811605c7fd6') in 0.011716 seconds 
========================================================================
Received Import Request.
  Time since last request: 0.036174 seconds.
  path: Assets/objects/ToyRoom/Standing lamp/New Material.mat
  artifactKey: Guid(57aaf232e2fafde4c856ace4dc9f08b4) Importer(815301076,1909f56bfc062723c751e8b465ee728b)
Start importing Assets/objects/ToyRoom/Standing lamp/New Material.mat using Guid(57aaf232e2fafde4c856ace4dc9f08b4) Importer(815301076,1909f56bfc062723c751e8b465ee728b)  -> (artifact id: '2e38535f373d2c986e7a60d0b9f411c3') in 0.032043 seconds 
========================================================================
Received Import Request.
  Time since last request: 5.879486 seconds.
  path: Assets/objects/ToyRoom/Book Stack/model.obj
  artifactKey: Guid(55bd1b680db01b147bc048dbf2d4e599) Importer(815301076,1909f56bfc062723c751e8b465ee728b)
Start importing Assets/objects/ToyRoom/Book Stack/model.obj using Guid(55bd1b680db01b147bc048dbf2d4e599) Importer(815301076,1909f56bfc062723c751e8b465ee728b)  -> (artifact id: 'dc61e3b66cad40d8ca6f282fce04ca49') in 0.085312 seconds 
========================================================================
Received Import Request.
  Time since last request: 20.345144 seconds.
  path: Assets/objects/yellow.mat
  artifactKey: Guid(d42cd1c21c1d1074d83392c41b009726) Importer(815301076,1909f56bfc062723c751e8b465ee728b)
Start importing Assets/objects/yellow.mat using Guid(d42cd1c21c1d1074d83392c41b009726) Importer(815301076,1909f56bfc062723c751e8b465ee728b)  -> (artifact id: 'fdc32fce8eaa6b0e5460f1805584bed8') in 0.020479 seconds 
========================================================================
Received Import Request.
  Time since last request: 139.169819 seconds.
  path: Assets/objects/red.mat
  artifactKey: Guid(e6b0d14311a0e1f40b36cb936a2ba3dc) Importer(815301076,1909f56bfc062723c751e8b465ee728b)
Start importing Assets/objects/red.mat using Guid(e6b0d14311a0e1f40b36cb936a2ba3dc) Importer(815301076,1909f56bfc062723c751e8b465ee728b)  -> (artifact id: '79027c234bcb461b02c6b0b350104da0') in 0.021336 seconds 
========================================================================
Received Import Request.
  Time since last request: 19.611031 seconds.
  path: Assets/objects/blue.mat
  artifactKey: Guid(fd668578d9496334c8dd1ae31ab212c5) Importer(815301076,1909f56bfc062723c751e8b465ee728b)
Start importing Assets/objects/blue.mat using Guid(fd668578d9496334c8dd1ae31ab212c5) Importer(815301076,1909f56bfc062723c751e8b465ee728b)  -> (artifact id: 'ddf695d007d4cfd8f3e74e00b6577cba') in 0.018444 seconds 
========================================================================
Received Prepare
Registering precompiled user dll's ...
Registered in 0.006275 seconds.
Begin MonoManager ReloadAssembly
Native extension for WindowsStandalone target not found
Refreshing native plugins compatible for Editor in 0.44 ms, found 2 plugins.
Preloading 0 native plugins for Editor in 0.00 ms.
Mono: successfully reloaded assembly
- Completed reload, in  1.480 seconds
Domain Reload Profiling:
	ReloadAssembly (1481ms)
		BeginReloadAssembly (239ms)
			ExecutionOrderSort (0ms)
			DisableScriptedObjects (8ms)
			BackupInstance (0ms)
			ReleaseScriptingObjects (0ms)
			CreateAndSetChildDomain (81ms)
		EndReloadAssembly (1069ms)
			LoadAssemblies (128ms)
			RebuildTransferFunctionScriptingTraits (0ms)
			SetupTypeCache (296ms)
			ReleaseScriptCaches (2ms)
			RebuildScriptCaches (80ms)
			SetupLoadedEditorAssemblies (515ms)
				LogAssemblyErrors (0ms)
				InitializePlatformSupportModulesInManaged (24ms)
				SetLoadedEditorAssemblies (2ms)
				RefreshPlugins (1ms)
				BeforeProcessingInitializeOnLoad (86ms)
				ProcessInitializeOnLoadAttributes (337ms)
				ProcessInitializeOnLoadMethodAttributes (48ms)
				AfterProcessingInitializeOnLoad (18ms)
				EditorAssembliesLoaded (0ms)
			ExecutionOrderSort2 (0ms)
			AwakeInstancesAfterBackupRestoration (12ms)
Platform modules already initialized, skipping
Refreshing native plugins compatible for Editor in 0.47 ms, found 2 plugins.
Preloading 0 native plugins for Editor in 0.00 ms.
Unloading 1523 Unused Serialized files (Serialized files now loaded: 0)
Unloading 14 unused Assets / (31.7 KB). Loaded Objects now: 2050.
Memory consumption went from 86.4 MB to 86.4 MB.
Total: 3.899400 ms (FindLiveObjects: 0.195600 ms CreateObjectMapping: 0.094400 ms MarkObjects: 3.586300 ms  DeleteObjects: 0.021600 ms)

AssetImportParameters requested are different than current active one (requested -> active):
  custom:video-decoder-ogg-theora: a1e56fd34408186e4bbccfd4996cb3dc -> 
  custom:container-muxer-webm: aa71ff27fc2769a1b78a27578f13a17b -> 
  custom:container-demuxer-webm: 4f35f7cbe854078d1ac9338744f61a02 -> 
  custom:video-encoder-webm-vp8: eb34c28f22e8b96e1ab97ce403110664 -> 
  custom:audio-encoder-webm-vorbis: bf7c407c2cedff20999df2af8eb42d56 -> 
  custom:framework-win-MediaFoundation: 216162199b28c13a410421893ffa2e32 -> 
  custom:container-demuxer-ogg: 62fdf1f143b41e24485cea50d1cbac27 -> 
  custom:video-decoder-webm-vp8: 9c59270c3fd7afecdb556c50c9e8de78 -> 
  custom:audio-decoder-ogg-vorbis: bf7c407c2cedff20999df2af8eb42d56 -> 
========================================================================
Received Import Request.
  Time since last request: 338.559563 seconds.
  path: Assets/objects/LirkisLab/Bathroom Sink/Bathroom_Sink.fbx
  artifactKey: Guid(479ebc1f20e7e5346a815e8d2546cd45) Importer(815301076,1909f56bfc062723c751e8b465ee728b)
Start importing Assets/objects/LirkisLab/Bathroom Sink/Bathroom_Sink.fbx using Guid(479ebc1f20e7e5346a815e8d2546cd45) Importer(815301076,1909f56bfc062723c751e8b465ee728b)  -> (artifact id: '2da4b47165ecb132d6f240e7dd04b347') in 0.188020 seconds 
========================================================================
Received Import Request.
  Time since last request: 0.000033 seconds.
  path: Assets/objects/LirkisLab/Desktop computer/Computer.obj
  artifactKey: Guid(4433fda904ffc4b40b15b3a603ea79c1) Importer(815301076,1909f56bfc062723c751e8b465ee728b)
Start importing Assets/objects/LirkisLab/Desktop computer/Computer.obj using Guid(4433fda904ffc4b40b15b3a603ea79c1) Importer(815301076,1909f56bfc062723c751e8b465ee728b)  -> (artifact id: '80a4f95e1fe8cdab34aca4bd3289b9fc') in 0.071602 seconds 
========================================================================
Received Import Request.
  Time since last request: 6.858948 seconds.
  path: Assets/objects/LirkisLab/Table/Table_Large_Rectangular_01.obj
  artifactKey: Guid(01c7891b377325449b32f28fa80be2e4) Importer(815301076,1909f56bfc062723c751e8b465ee728b)
Start importing Assets/objects/LirkisLab/Table/Table_Large_Rectangular_01.obj using Guid(01c7891b377325449b32f28fa80be2e4) Importer(815301076,1909f56bfc062723c751e8b465ee728b)  -> (artifact id: '83a88e08767538e669255d583ff76ae8') in 0.052027 seconds 
========================================================================
Received Import Request.
  Time since last request: 0.000019 seconds.
  path: Assets/objects/LirkisLab/Doorway/doorway.obj
  artifactKey: Guid(3fcb6602714e50c47ac58af477387431) Importer(815301076,1909f56bfc062723c751e8b465ee728b)
Start importing Assets/objects/LirkisLab/Doorway/doorway.obj using Guid(3fcb6602714e50c47ac58af477387431) Importer(815301076,1909f56bfc062723c751e8b465ee728b)  -> (artifact id: '32f3aef903582d9da811a90339775ddc') in 0.074073 seconds 
========================================================================
Received Import Request.
  Time since last request: 0.000022 seconds.
  path: Assets/objects/LirkisLab/Single Door Tall Cabine/SingleDoorTallCabinet1.fbx
  artifactKey: Guid(cf4f1f49fa5da0240a32e162ef409614) Importer(815301076,1909f56bfc062723c751e8b465ee728b)
Start importing Assets/objects/LirkisLab/Single Door Tall Cabine/SingleDoorTallCabinet1.fbx using Guid(cf4f1f49fa5da0240a32e162ef409614) Importer(815301076,1909f56bfc062723c751e8b465ee728b)  -> (artifact id: 'e116f152b230d4f5c58f0ff2841a3dbb') in 0.083409 seconds 
========================================================================
Received Import Request.
  Time since last request: 0.000034 seconds.
  path: Assets/objects/LirkisLab/Book (Blue)/model.obj
  artifactKey: Guid(b914ea8f9f363bb4aa76ee4f54ca42fb) Importer(815301076,1909f56bfc062723c751e8b465ee728b)
Start importing Assets/objects/LirkisLab/Book (Blue)/model.obj using Guid(b914ea8f9f363bb4aa76ee4f54ca42fb) Importer(815301076,1909f56bfc062723c751e8b465ee728b)  -> (artifact id: '0ba590695180601a3773524e54a49990') in 0.058142 seconds 
========================================================================
Received Import Request.
  Time since last request: 2.195450 seconds.
  path: Assets/objects/LirkisLab/Pile of boxes/model.obj
  artifactKey: Guid(dafb6660c8b29d548b953ac513453ee1) Importer(815301076,1909f56bfc062723c751e8b465ee728b)
Start importing Assets/objects/LirkisLab/Pile of boxes/model.obj using Guid(dafb6660c8b29d548b953ac513453ee1) Importer(815301076,1909f56bfc062723c751e8b465ee728b)  -> (artifact id: '64569e2084fef6dba452e7c1fee56528') in 0.474797 seconds 
========================================================================
Received Import Request.
  Time since last request: 0.000023 seconds.
  path: Assets/objects/LirkisLab/Flat Screen TV/model.obj
  artifactKey: Guid(52e6419f6edafe74d8dba1ed75dd30f3) Importer(815301076,1909f56bfc062723c751e8b465ee728b)
Start importing Assets/objects/LirkisLab/Flat Screen TV/model.obj using Guid(52e6419f6edafe74d8dba1ed75dd30f3) Importer(815301076,1909f56bfc062723c751e8b465ee728b)  -> (artifact id: '78f96165e43311d4837dfd9d27320673') in 0.208419 seconds 
========================================================================
Received Import Request.
  Time since last request: 53.454581 seconds.
  path: Assets/objects/LirkisLab/Office Chair/OfficeChair.fbx
  artifactKey: Guid(0d396ed52399a7b49827ebefb13df636) Importer(815301076,1909f56bfc062723c751e8b465ee728b)
Start importing Assets/objects/LirkisLab/Office Chair/OfficeChair.fbx using Guid(0d396ed52399a7b49827ebefb13df636) Importer(815301076,1909f56bfc062723c751e8b465ee728b)  -> (artifact id: '385b54d5960adfa0d64a3548f696cd07') in 0.133464 seconds 
