Using pre-set license
Built from '2021.2/staging' branch; Version is '2021.2.11f1 (e50cafbb4399) revision 15010991'; Using compiler version '192829333'; Build Type 'Release'
OS: 'Windows 10  (10.0.19045) 64bit Core' Language: 'en' Physical Memory: 16273 MB
BatchMode: 1, IsHumanControllingUs: 0, StartBugReporterOnCrash: 0, Is64bit: 1, IsPro: 0

COMMAND LINE ARGUMENTS:
C:\Program Files\Unity\Hub\Editor\2021.2.11f1\Editor\Unity.exe
-adb2
-batchMode
-noUpm
-name
AssetImportWorker1
-projectPath
D:/NICO with ba/NICO/NICO_unity
-logFile
Logs/AssetImportWorker1.log
-srvPort
50883
Successfully changed project path to: D:/NICO with ba/NICO/NICO_unity
D:/NICO with ba/NICO/NICO_unity
[UnityMemory] Configuration Parameters - Can be set up in boot.config
    "memorysetup-bucket-allocator-granularity=16"
    "memorysetup-bucket-allocator-bucket-count=8"
    "memorysetup-bucket-allocator-block-size=33554432"
    "memorysetup-bucket-allocator-block-count=8"
    "memorysetup-main-allocator-block-size=16777216"
    "memorysetup-thread-allocator-block-size=16777216"
    "memorysetup-gfx-main-allocator-block-size=16777216"
    "memorysetup-gfx-thread-allocator-block-size=16777216"
    "memorysetup-cache-allocator-block-size=4194304"
    "memorysetup-typetree-allocator-block-size=2097152"
    "memorysetup-profiler-bucket-allocator-granularity=16"
    "memorysetup-profiler-bucket-allocator-bucket-count=8"
    "memorysetup-profiler-bucket-allocator-block-size=33554432"
    "memorysetup-profiler-bucket-allocator-block-count=8"
    "memorysetup-profiler-allocator-block-size=16777216"
    "memorysetup-profiler-editor-allocator-block-size=1048576"
    "memorysetup-temp-allocator-size-main=16777216"
    "memorysetup-job-temp-allocator-block-size=2097152"
    "memorysetup-job-temp-allocator-block-size-background=1048576"
    "memorysetup-job-temp-allocator-reduction-small-platforms=262144"
    "memorysetup-temp-allocator-size-background-worker=32768"
    "memorysetup-temp-allocator-size-job-worker=262144"
    "memorysetup-temp-allocator-size-preload-manager=33554432"
    "memorysetup-temp-allocator-size-nav-mesh-worker=65536"
    "memorysetup-temp-allocator-size-audio-worker=65536"
    "memorysetup-temp-allocator-size-cloud-worker=32768"
    "memorysetup-temp-allocator-size-gi-baking-worker=262144"
    "memorysetup-temp-allocator-size-gfx=262144"
Refreshing native plugins compatible for Editor in 43.30 ms, found 2 plugins.
Preloading 0 native plugins for Editor in 0.00 ms.
Initialize engine version: 2021.2.11f1 (e50cafbb4399)
[Subsystems] Discovering subsystems at path C:/Program Files/Unity/Hub/Editor/2021.2.11f1/Editor/Data/Resources/UnitySubsystems
[Subsystems] Discovering subsystems at path D:/NICO with ba/NICO/NICO_unity/Assets
GfxDevice: creating device client; threaded=0; jobified=0
Direct3D:
    Version:  Direct3D 11.0 [level 11.0]
    Renderer: NVIDIA GeForce GTX 960M (ID=0x139b)
    Vendor:   NVIDIA
    VRAM:     4053 MB
    Driver:   30.0.14.7247
Initialize mono
Mono path[0] = 'C:/Program Files/Unity/Hub/Editor/2021.2.11f1/Editor/Data/Managed'
Mono path[1] = 'C:/Program Files/Unity/Hub/Editor/2021.2.11f1/Editor/Data/MonoBleedingEdge/lib/mono/unityjit-win32'
Mono config path = 'C:/Program Files/Unity/Hub/Editor/2021.2.11f1/Editor/Data/MonoBleedingEdge/etc'
Using monoOptions --debugger-agent=transport=dt_socket,embedding=1,server=y,suspend=n,address=127.0.0.1:56468
Begin MonoManager ReloadAssembly
Registering precompiled unity dll's ...
Register platform support module: C:/Program Files/Unity/Hub/Editor/2021.2.11f1/Editor/Data/PlaybackEngines/WindowsStandaloneSupport/UnityEditor.WindowsStandalone.Extensions.dll
Registered in 0.009916 seconds.
Native extension for WindowsStandalone target not found
Refreshing native plugins compatible for Editor in 36.08 ms, found 2 plugins.
Preloading 0 native plugins for Editor in 0.00 ms.
Mono: successfully reloaded assembly
- Completed reload, in  0.869 seconds
Domain Reload Profiling:
	ReloadAssembly (870ms)
		BeginReloadAssembly (107ms)
			ExecutionOrderSort (0ms)
			DisableScriptedObjects (0ms)
			BackupInstance (0ms)
			ReleaseScriptingObjects (0ms)
			CreateAndSetChildDomain (1ms)
		EndReloadAssembly (631ms)
			LoadAssemblies (103ms)
			RebuildTransferFunctionScriptingTraits (0ms)
			SetupTypeCache (153ms)
			ReleaseScriptCaches (0ms)
			RebuildScriptCaches (44ms)
			SetupLoadedEditorAssemblies (358ms)
				LogAssemblyErrors (0ms)
				InitializePlatformSupportModulesInManaged (22ms)
				SetLoadedEditorAssemblies (0ms)
				RefreshPlugins (36ms)
				BeforeProcessingInitializeOnLoad (1ms)
				ProcessInitializeOnLoadAttributes (224ms)
				ProcessInitializeOnLoadMethodAttributes (74ms)
				AfterProcessingInitializeOnLoad (0ms)
				EditorAssembliesLoaded (0ms)
			ExecutionOrderSort2 (0ms)
			AwakeInstancesAfterBackupRestoration (0ms)
Platform modules already initialized, skipping
Registering precompiled user dll's ...
Registered in 0.004448 seconds.
Begin MonoManager ReloadAssembly
Native extension for WindowsStandalone target not found
Refreshing native plugins compatible for Editor in 0.33 ms, found 2 plugins.
Preloading 0 native plugins for Editor in 0.00 ms.
Mono: successfully reloaded assembly
- Completed reload, in  1.225 seconds
Domain Reload Profiling:
	ReloadAssembly (1227ms)
		BeginReloadAssembly (163ms)
			ExecutionOrderSort (0ms)
			DisableScriptedObjects (8ms)
			BackupInstance (0ms)
			ReleaseScriptingObjects (0ms)
			CreateAndSetChildDomain (27ms)
		EndReloadAssembly (911ms)
			LoadAssemblies (101ms)
			RebuildTransferFunctionScriptingTraits (0ms)
			SetupTypeCache (259ms)
			ReleaseScriptCaches (1ms)
			RebuildScriptCaches (63ms)
			SetupLoadedEditorAssemblies (431ms)
				LogAssemblyErrors (0ms)
				InitializePlatformSupportModulesInManaged (17ms)
				SetLoadedEditorAssemblies (1ms)
				RefreshPlugins (0ms)
				BeforeProcessingInitializeOnLoad (64ms)
				ProcessInitializeOnLoadAttributes (294ms)
				ProcessInitializeOnLoadMethodAttributes (42ms)
				AfterProcessingInitializeOnLoad (13ms)
				EditorAssembliesLoaded (0ms)
			ExecutionOrderSort2 (0ms)
			AwakeInstancesAfterBackupRestoration (10ms)
Platform modules already initialized, skipping
========================================================================
Worker process is ready to serve import requests
Launched and connected shader compiler UnityShaderCompiler.exe after 0.08 seconds
Refreshing native plugins compatible for Editor in 0.60 ms, found 2 plugins.
Preloading 0 native plugins for Editor in 0.00 ms.
Unloading 1541 Unused Serialized files (Serialized files now loaded: 0)
Unloading 19 unused Assets / (47.6 KB). Loaded Objects now: 2005.
Memory consumption went from 70.8 MB to 70.8 MB.
Total: 3.936400 ms (FindLiveObjects: 0.253900 ms CreateObjectMapping: 0.120300 ms MarkObjects: 3.464900 ms  DeleteObjects: 0.094100 ms)

AssetImportParameters requested are different than current active one (requested -> active):
  custom:video-decoder-ogg-theora: a1e56fd34408186e4bbccfd4996cb3dc -> 
  custom:container-muxer-webm: aa71ff27fc2769a1b78a27578f13a17b -> 
  custom:container-demuxer-webm: 4f35f7cbe854078d1ac9338744f61a02 -> 
  custom:video-encoder-webm-vp8: eb34c28f22e8b96e1ab97ce403110664 -> 
  custom:audio-encoder-webm-vorbis: bf7c407c2cedff20999df2af8eb42d56 -> 
  custom:framework-win-MediaFoundation: 216162199b28c13a410421893ffa2e32 -> 
  custom:container-demuxer-ogg: 62fdf1f143b41e24485cea50d1cbac27 -> 
  custom:video-decoder-webm-vp8: 9c59270c3fd7afecdb556c50c9e8de78 -> 
  custom:audio-decoder-ogg-vorbis: bf7c407c2cedff20999df2af8eb42d56 -> 
========================================================================
Received Import Request.
  Time since last request: 423361.827425 seconds.
  path: Assets/objects/ToyRoom/toyoffice.PNG
  artifactKey: Guid(b49270df83ac2f246b998a063a72de4b) Importer(815301076,1909f56bfc062723c751e8b465ee728b)
Start importing Assets/objects/ToyRoom/toyoffice.PNG using Guid(b49270df83ac2f246b998a063a72de4b) Importer(815301076,1909f56bfc062723c751e8b465ee728b)  -> (artifact id: 'd98c929f4adcfcd2e4e7af04bdb512e5') in 0.411777 seconds 
========================================================================
Received Import Request.
  Time since last request: 462.538231 seconds.
  path: Assets/objects/ToyRoom/Standing lamp/Standing_lamp_01.obj
  artifactKey: Guid(cf1851a98d9aea54c87df50916844268) Importer(815301076,1909f56bfc062723c751e8b465ee728b)
Start importing Assets/objects/ToyRoom/Standing lamp/Standing_lamp_01.obj using Guid(cf1851a98d9aea54c87df50916844268) Importer(815301076,1909f56bfc062723c751e8b465ee728b)  -> (artifact id: 'ec00d6d4922af415a5644d1573441c31') in 0.147235 seconds 
========================================================================
Received Prepare
Registering precompiled user dll's ...
Registered in 0.003518 seconds.
Begin MonoManager ReloadAssembly
Native extension for WindowsStandalone target not found
Refreshing native plugins compatible for Editor in 0.52 ms, found 2 plugins.
Preloading 0 native plugins for Editor in 0.00 ms.
Mono: successfully reloaded assembly
- Completed reload, in  1.438 seconds
Domain Reload Profiling:
	ReloadAssembly (1439ms)
		BeginReloadAssembly (237ms)
			ExecutionOrderSort (0ms)
			DisableScriptedObjects (9ms)
			BackupInstance (0ms)
			ReleaseScriptingObjects (0ms)
			CreateAndSetChildDomain (68ms)
		EndReloadAssembly (1034ms)
			LoadAssemblies (139ms)
			RebuildTransferFunctionScriptingTraits (0ms)
			SetupTypeCache (280ms)
			ReleaseScriptCaches (1ms)
			RebuildScriptCaches (62ms)
			SetupLoadedEditorAssemblies (494ms)
				LogAssemblyErrors (0ms)
				InitializePlatformSupportModulesInManaged (19ms)
				SetLoadedEditorAssemblies (1ms)
				RefreshPlugins (1ms)
				BeforeProcessingInitializeOnLoad (89ms)
				ProcessInitializeOnLoadAttributes (335ms)
				ProcessInitializeOnLoadMethodAttributes (35ms)
				AfterProcessingInitializeOnLoad (14ms)
				EditorAssembliesLoaded (0ms)
			ExecutionOrderSort2 (0ms)
			AwakeInstancesAfterBackupRestoration (24ms)
Platform modules already initialized, skipping
Refreshing native plugins compatible for Editor in 0.65 ms, found 2 plugins.
Preloading 0 native plugins for Editor in 0.00 ms.
Unloading 1524 Unused Serialized files (Serialized files now loaded: 0)
Unloading 14 unused Assets / (31.7 KB). Loaded Objects now: 2068.
Memory consumption went from 74.9 MB to 74.9 MB.
Total: 3.882600 ms (FindLiveObjects: 0.167000 ms CreateObjectMapping: 0.078200 ms MarkObjects: 3.614700 ms  DeleteObjects: 0.020900 ms)

AssetImportParameters requested are different than current active one (requested -> active):
  custom:video-decoder-ogg-theora: a1e56fd34408186e4bbccfd4996cb3dc -> 
  custom:container-muxer-webm: aa71ff27fc2769a1b78a27578f13a17b -> 
  custom:container-demuxer-webm: 4f35f7cbe854078d1ac9338744f61a02 -> 
  custom:video-encoder-webm-vp8: eb34c28f22e8b96e1ab97ce403110664 -> 
  custom:audio-encoder-webm-vorbis: bf7c407c2cedff20999df2af8eb42d56 -> 
  custom:framework-win-MediaFoundation: 216162199b28c13a410421893ffa2e32 -> 
  custom:container-demuxer-ogg: 62fdf1f143b41e24485cea50d1cbac27 -> 
  custom:video-decoder-webm-vp8: 9c59270c3fd7afecdb556c50c9e8de78 -> 
  custom:audio-decoder-ogg-vorbis: bf7c407c2cedff20999df2af8eb42d56 -> 
========================================================================
Received Import Request.
  Time since last request: 523.612299 seconds.
  path: Assets/objects/LirkisLab/Cabinet Bed Drawer/cabinetBedDrawer.obj
  artifactKey: Guid(c2b10f0d0906b714b8bf8480bbff5c67) Importer(815301076,1909f56bfc062723c751e8b465ee728b)
Start importing Assets/objects/LirkisLab/Cabinet Bed Drawer/cabinetBedDrawer.obj using Guid(c2b10f0d0906b714b8bf8480bbff5c67) Importer(815301076,1909f56bfc062723c751e8b465ee728b)  -> (artifact id: '1f3ecbaa33931897edba3ae5013cab83') in 0.219744 seconds 
========================================================================
Received Import Request.
  Time since last request: 6.903276 seconds.
  path: Assets/objects/LirkisLab/Messy Office/model.obj
  artifactKey: Guid(2e015e80984134349913e739be23b4e5) Importer(815301076,1909f56bfc062723c751e8b465ee728b)
Start importing Assets/objects/LirkisLab/Messy Office/model.obj using Guid(2e015e80984134349913e739be23b4e5) Importer(815301076,1909f56bfc062723c751e8b465ee728b)  -> (artifact id: '2d31e7e36ed05ddd28ef32d7d67f55f2') in 0.132193 seconds 
========================================================================
Received Import Request.
  Time since last request: 0.000047 seconds.
  path: Assets/objects/LirkisLab/Mirror/mirror.obj
  artifactKey: Guid(3814c496fc85c9b4b836c5dab19b9872) Importer(815301076,1909f56bfc062723c751e8b465ee728b)
Start importing Assets/objects/LirkisLab/Mirror/mirror.obj using Guid(3814c496fc85c9b4b836c5dab19b9872) Importer(815301076,1909f56bfc062723c751e8b465ee728b)  -> (artifact id: 'f17476521a56abc5f2be9f1ed24fbbc7') in 0.064811 seconds 
========================================================================
Received Import Request.
  Time since last request: 0.000029 seconds.
  path: Assets/objects/LirkisLab/Regular Office Chair/model.obj
  artifactKey: Guid(0a0123309c1396b418dd08bc04a02898) Importer(815301076,1909f56bfc062723c751e8b465ee728b)
Start importing Assets/objects/LirkisLab/Regular Office Chair/model.obj using Guid(0a0123309c1396b418dd08bc04a02898) Importer(815301076,1909f56bfc062723c751e8b465ee728b)  -> (artifact id: 'c05566625cd4796f34c8b8ce900f3b9f') in 0.068825 seconds 
========================================================================
Received Import Request.
  Time since last request: 0.000018 seconds.
  path: Assets/objects/LirkisLab/Regular Office Chair 1/model.obj
  artifactKey: Guid(bf2a12e4e8398ea4ca34b942b6d35fed) Importer(815301076,1909f56bfc062723c751e8b465ee728b)
Start importing Assets/objects/LirkisLab/Regular Office Chair 1/model.obj using Guid(bf2a12e4e8398ea4ca34b942b6d35fed) Importer(815301076,1909f56bfc062723c751e8b465ee728b)  -> (artifact id: '9405eaa136d7308ea11f6a0c45fcc536') in 0.079225 seconds 
========================================================================
Received Import Request.
  Time since last request: 2.116284 seconds.
  path: Assets/objects/LirkisLab/Cabinets/model.obj
  artifactKey: Guid(35b5847c6bc6c144f85b86cb2a3aece9) Importer(815301076,1909f56bfc062723c751e8b465ee728b)
Start importing Assets/objects/LirkisLab/Cabinets/model.obj using Guid(35b5847c6bc6c144f85b86cb2a3aece9) Importer(815301076,1909f56bfc062723c751e8b465ee728b)  -> (artifact id: '9e25b2abc1fae2f35877b46f9be8d2a0') in 0.290422 seconds 
========================================================================
Received Import Request.
  Time since last request: 0.000037 seconds.
  path: Assets/objects/LirkisLab/Cabinets 1/model.obj
  artifactKey: Guid(4f46840285f02014c823bca512468e00) Importer(815301076,1909f56bfc062723c751e8b465ee728b)
Start importing Assets/objects/LirkisLab/Cabinets 1/model.obj using Guid(4f46840285f02014c823bca512468e00) Importer(815301076,1909f56bfc062723c751e8b465ee728b)  -> (artifact id: '7d5839fcb0948a32a0e85cadef6f8708') in 0.228213 seconds 
